[debug] [2022-11-21T12:09:15.245Z] ----------------------------------------------------------------------
[debug] [2022-11-21T12:09:15.247Z] Command:       C:\Program Files\nodejs\node.exe C:\Users\Ana Pilar\AppData\Roaming\npm\node_modules\firebase-tools\lib\bin\firebase.js init
[debug] [2022-11-21T12:09:15.248Z] CLI Version:   11.15.0
[debug] [2022-11-21T12:09:15.248Z] Platform:      win32
[debug] [2022-11-21T12:09:15.248Z] Node Version:  v16.17.1
[debug] [2022-11-21T12:09:15.249Z] Time:          Mon Nov 21 2022 13:09:15 GMT+0100 (hora estándar de Europa central)
[debug] [2022-11-21T12:09:15.249Z] ----------------------------------------------------------------------
[debug] 
[debug] [2022-11-21T12:09:15.258Z] > command requires scopes: ["email","openid","https://www.googleapis.com/auth/cloudplatformprojects.readonly","https://www.googleapis.com/auth/firebase","https://www.googleapis.com/auth/cloud-platform"]
[debug] [2022-11-21T12:09:15.259Z] > authorizing via signed-in user (pilarbarba03@gmail.com)
[info] 
     ######## #### ########  ######## ########     ###     ######  ########
     ##        ##  ##     ## ##       ##     ##  ##   ##  ##       ##
     ######    ##  ########  ######   ########  #########  ######  ######
     ##        ##  ##    ##  ##       ##     ## ##     ##       ## ##
     ##       #### ##     ## ######## ########  ##     ##  ######  ########

You're about to initialize a Firebase project in this directory:

  C:\Users\Ana Pilar\Desktop\ActividadesAngularBuenas\PracticaFirebase

[info] 
=== Project Setup
[info] 
[info] First, let's associate this project directory with a Firebase project.
[info] You can create multiple project aliases by running firebase use --add, 
[info] but for now we'll just set up a default project.
[info] 
[info] i  If you want to create a project in a Google Cloud organization or folder, please use "firebase projects:create" instead, and return to this command when you've created the project. 
[debug] [2022-11-21T12:09:52.541Z] >>> [apiv2][query] POST https://cloudresourcemanager.googleapis.com/v1/projects [none]
[debug] [2022-11-21T12:09:52.541Z] >>> [apiv2][body] POST https://cloudresourcemanager.googleapis.com/v1/projects {"projectId":"practicas","name":"practicasFirebase"}
[debug] [2022-11-21T12:09:53.366Z] <<< [apiv2][status] POST https://cloudresourcemanager.googleapis.com/v1/projects 409
[debug] [2022-11-21T12:09:53.366Z] <<< [apiv2][body] POST https://cloudresourcemanager.googleapis.com/v1/projects {"error":{"code":409,"message":"Requested entity already exists","status":"ALREADY_EXISTS"}}
[debug] [2022-11-21T12:09:53.372Z] FirebaseError: HTTP Error: 409, Requested entity already exists
    at responseToError (C:\Users\Ana Pilar\AppData\Roaming\npm\node_modules\firebase-tools\lib\responseToError.js:49:12)
    at RetryOperation._fn (C:\Users\Ana Pilar\AppData\Roaming\npm\node_modules\firebase-tools\lib\apiv2.js:288:77)
    at processTicksAndRejections (node:internal/process/task_queues:96:5)
[error] 
[error] Error: Failed to create project because there is already a project with ID practicas. Please try again with a unique project ID.
[debug] [2022-11-21T12:10:45.551Z] ----------------------------------------------------------------------
[debug] [2022-11-21T12:10:45.553Z] Command:       C:\Program Files\nodejs\node.exe C:\Users\Ana Pilar\AppData\Roaming\npm\node_modules\firebase-tools\lib\bin\firebase.js init hosting
[debug] [2022-11-21T12:10:45.553Z] CLI Version:   11.15.0
[debug] [2022-11-21T12:10:45.553Z] Platform:      win32
[debug] [2022-11-21T12:10:45.554Z] Node Version:  v16.17.1
[debug] [2022-11-21T12:10:45.554Z] Time:          Mon Nov 21 2022 13:10:45 GMT+0100 (hora estándar de Europa central)
[debug] [2022-11-21T12:10:45.555Z] ----------------------------------------------------------------------
[debug] 
[debug] [2022-11-21T12:10:45.563Z] > command requires scopes: ["email","openid","https://www.googleapis.com/auth/cloudplatformprojects.readonly","https://www.googleapis.com/auth/firebase","https://www.googleapis.com/auth/cloud-platform"]
[debug] [2022-11-21T12:10:45.564Z] > authorizing via signed-in user (pilarbarba03@gmail.com)
[info] 
     ######## #### ########  ######## ########     ###     ######  ########
     ##        ##  ##     ## ##       ##     ##  ##   ##  ##       ##
     ######    ##  ########  ######   ########  #########  ######  ######
     ##        ##  ##    ##  ##       ##     ## ##     ##       ## ##
     ##       #### ##     ## ######## ########  ##     ##  ######  ########

You're about to initialize a Firebase project in this directory:

  C:\Users\Ana Pilar\Desktop\ActividadesAngularBuenas\PracticaFirebase

[info] 
=== Project Setup
[info] 
[info] First, let's associate this project directory with a Firebase project.
[info] You can create multiple project aliases by running firebase use --add, 
[info] but for now we'll just set up a default project.
[info] 
[info] i  If you want to create a project in a Google Cloud organization or folder, please use "firebase projects:create" instead, and return to this command when you've created the project. 
[debug] [2022-11-21T12:12:03.036Z] >>> [apiv2][query] POST https://cloudresourcemanager.googleapis.com/v1/projects [none]
[debug] [2022-11-21T12:12:03.036Z] >>> [apiv2][body] POST https://cloudresourcemanager.googleapis.com/v1/projects {"projectId":"firebase.json","name":"firebasePracticas"}
[debug] [2022-11-21T12:12:03.795Z] <<< [apiv2][status] POST https://cloudresourcemanager.googleapis.com/v1/projects 400
[debug] [2022-11-21T12:12:03.795Z] <<< [apiv2][body] POST https://cloudresourcemanager.googleapis.com/v1/projects {"error":{"code":400,"message":"field [project_id] has issue [project_id contains invalid characters]","status":"INVALID_ARGUMENT","details":[{"@type":"type.googleapis.com/google.rpc.BadRequest","fieldViolations":[{"field":"project_id","description":"project_id contains invalid characters"}]},{"@type":"type.googleapis.com/google.rpc.Help","links":[{"url":"https://cloud.google.com/resource-manager/reference/rest/v1/projects"}]}]}}
[debug] [2022-11-21T12:12:03.801Z] FirebaseError: HTTP Error: 400, field [project_id] has issue [project_id contains invalid characters]
    at responseToError (C:\Users\Ana Pilar\AppData\Roaming\npm\node_modules\firebase-tools\lib\responseToError.js:49:12)
    at RetryOperation._fn (C:\Users\Ana Pilar\AppData\Roaming\npm\node_modules\firebase-tools\lib\apiv2.js:288:77)
    at processTicksAndRejections (node:internal/process/task_queues:96:5)
[error] 
[error] Error: Failed to create project. See firebase-debug.log for more info.
[debug] [2022-11-21T12:12:23.807Z] ----------------------------------------------------------------------
[debug] [2022-11-21T12:12:23.809Z] Command:       C:\Program Files\nodejs\node.exe C:\Users\Ana Pilar\AppData\Roaming\npm\node_modules\firebase-tools\lib\bin\firebase.js init
[debug] [2022-11-21T12:12:23.810Z] CLI Version:   11.15.0
[debug] [2022-11-21T12:12:23.810Z] Platform:      win32
[debug] [2022-11-21T12:12:23.810Z] Node Version:  v16.17.1
[debug] [2022-11-21T12:12:23.811Z] Time:          Mon Nov 21 2022 13:12:23 GMT+0100 (hora estándar de Europa central)
[debug] [2022-11-21T12:12:23.811Z] ----------------------------------------------------------------------
[debug] 
[debug] [2022-11-21T12:12:23.820Z] > command requires scopes: ["email","openid","https://www.googleapis.com/auth/cloudplatformprojects.readonly","https://www.googleapis.com/auth/firebase","https://www.googleapis.com/auth/cloud-platform"]
[debug] [2022-11-21T12:12:23.820Z] > authorizing via signed-in user (pilarbarba03@gmail.com)
[info] 
     ######## #### ########  ######## ########     ###     ######  ########
     ##        ##  ##     ## ##       ##     ##  ##   ##  ##       ##
     ######    ##  ########  ######   ########  #########  ######  ######
     ##        ##  ##    ##  ##       ##     ## ##     ##       ## ##
     ##       #### ##     ## ######## ########  ##     ##  ######  ########

You're about to initialize a Firebase project in this directory:

  C:\Users\Ana Pilar\Desktop\ActividadesAngularBuenas\PracticaFirebase

[info] 
=== Project Setup
[info] 
[info] First, let's associate this project directory with a Firebase project.
[info] You can create multiple project aliases by running firebase use --add, 
[info] but for now we'll just set up a default project.
[info] 
[debug] [2022-11-21T12:12:35.035Z] >>> [apiv2][query] GET https://firebase.googleapis.com/v1beta1/projects pageSize=100
[debug] [2022-11-21T12:12:35.524Z] <<< [apiv2][status] GET https://firebase.googleapis.com/v1beta1/projects 200
[debug] [2022-11-21T12:12:35.524Z] <<< [apiv2][body] GET https://firebase.googleapis.com/v1beta1/projects [omitted]
